Initialized native services in: /Users/balch/.gradle/native
Initialized jansi services in: /Users/balch/.gradle/native
Found daemon DaemonInfo{pid=24892, address=[0b4d1692-ae68-45b5-8bf6-7f690296fa82 port:62289, addresses:[/127.0.0.1]], state=Idle, lastBusy=1769881451441, context=DefaultDaemonContext[uid=b2144cd5-4362-441b-8700-7fcd38912032,javaHome=/Users/balch/.antigravity/extensions/redhat.java-1.52.0-darwin-arm64/jre/21.0.9-macosx-aarch64,javaVersion=21,javaVendor=Eclipse Adoptium,daemonRegistryDir=/Users/balch/.gradle/daemon,pid=24892,idleTimeout=10800000,priority=NORMAL,applyInstrumentationAgent=true,nativeServicesMode=ENABLED,daemonOpts=-Xmx6144M,-Dfile.encoding=UTF-8,-Duser.country=US,-Duser.language=en,-Duser.variant]} however its context does not match the desired criteria.
JVM is incompatible.
Wanted: DaemonRequestContext{jvmCriteria=/opt/homebrew/Cellar/openjdk@21/21.0.7/libexec/openjdk.jdk/Contents/Home (no Daemon JVM specified, using current Java home), daemonOpts=[-Xmx6144M, -Dfile.encoding=UTF-8, -Duser.country=US, -Duser.language=en, -Duser.variant], applyInstrumentationAgent=true, nativeServicesMode=ENABLED, priority=NORMAL}
Actual: DefaultDaemonContext[uid=b2144cd5-4362-441b-8700-7fcd38912032,javaHome=/Users/balch/.antigravity/extensions/redhat.java-1.52.0-darwin-arm64/jre/21.0.9-macosx-aarch64,javaVersion=21,javaVendor=Eclipse Adoptium,daemonRegistryDir=/Users/balch/.gradle/daemon,pid=24892,idleTimeout=10800000,priority=NORMAL,applyInstrumentationAgent=true,nativeServicesMode=ENABLED,daemonOpts=-Xmx6144M,-Dfile.encoding=UTF-8,-Duser.country=US,-Duser.language=en,-Duser.variant]

  Looking for a different daemon...
Found daemon DaemonInfo{pid=81705, address=[e1d51a1b-de0d-45b5-9a6a-506dd0a9b1f2 port:63224, addresses:[/127.0.0.1]], state=Idle, lastBusy=1769880340085, context=DefaultDaemonContext[uid=628a4713-e182-44a3-8e60-91fd1562695f,javaHome=/Applications/Android Studio.app/Contents/jbr/Contents/Home,javaVersion=21,javaVendor=JetBrains s.r.o.,daemonRegistryDir=/Users/balch/.gradle/daemon,pid=81705,idleTimeout=10800000,priority=NORMAL,applyInstrumentationAgent=true,nativeServicesMode=ENABLED,daemonOpts=-Xmx6144M,-Dfile.encoding=UTF-8,-Duser.country=US,-Duser.language=en,-Duser.variant]} however its context does not match the desired criteria.
JVM is incompatible.
Wanted: DaemonRequestContext{jvmCriteria=/opt/homebrew/Cellar/openjdk@21/21.0.7/libexec/openjdk.jdk/Contents/Home (no Daemon JVM specified, using current Java home), daemonOpts=[-Xmx6144M, -Dfile.encoding=UTF-8, -Duser.country=US, -Duser.language=en, -Duser.variant], applyInstrumentationAgent=true, nativeServicesMode=ENABLED, priority=NORMAL}
Actual: DefaultDaemonContext[uid=628a4713-e182-44a3-8e60-91fd1562695f,javaHome=/Applications/Android Studio.app/Contents/jbr/Contents/Home,javaVersion=21,javaVendor=JetBrains s.r.o.,daemonRegistryDir=/Users/balch/.gradle/daemon,pid=81705,idleTimeout=10800000,priority=NORMAL,applyInstrumentationAgent=true,nativeServicesMode=ENABLED,daemonOpts=-Xmx6144M,-Dfile.encoding=UTF-8,-Duser.country=US,-Duser.language=en,-Duser.variant]

  Looking for a different daemon...
The client will now receive all logging from the daemon (pid: 91736). The daemon log file: /Users/balch/.gradle/daemon/9.3.0/daemon-91736.out.log
Starting 110th build in daemon [uptime: 10 hrs 10 mins 4.834 secs, performance: 100%, GC rate: 0.00/s, heap usage: 2% of 6 GiB]
Using 14 worker leases.
Operational build model parameters: {requiresToolingModels=false, parallelProjectExecution=false, configureOnDemand=false, configurationCache=true, configurationCacheParallelStore=false, configurationCacheParallelLoad=true, isolatedProjects=false, parallelProjectConfiguration=false, intermediateModelCache=false, parallelToolingApiActions=false, invalidateCoupledProjects=false, modelAsProjectDependency=false, resilientModelBuilding=false}
Encryption key source: default Gradle keystore (pkcs12)
Calculating task graph as no cached configuration is available for tasks: :core:plugins:drum:compileKotlinJvm
Now considering [/Users/balch/Source/Orpheus] as hierarchies to watch
Watching the file system is configured to be enabled if available
File system watching is active
Starting Build
Resolved plugin [id: 'org.gradle.toolchains.foojay-resolver-convention', version: '1.0.0']
Settings evaluated using settings file '/Users/balch/Source/Orpheus/settings.gradle.kts'.
Using local directory build cache for the root build (location = /Users/balch/.gradle/caches/build-cache-1, remove unused entries = after 7 days).
Type-safe project accessors is an incubating feature.
Projects loaded. Root project using build file '/Users/balch/Source/Orpheus/build.gradle.kts'.
Included projects: [root project 'Orpheus', project ':androidApp', project ':composeApp', project ':core', project ':macrobenchmark', project ':core:audio', project ':core:plugins', project ':core:plugins:bender', project ':core:plugins:delay', project ':core:plugins:distortion', project ':core:plugins:drum', project ':core:plugins:duolfo', project ':core:plugins:flux', project ':core:plugins:grains', project ':core:plugins:looper', project ':core:plugins:perstringbender', project ':core:plugins:resonator', project ':core:plugins:stereo', project ':core:plugins:vibrato', project ':core:plugins:warps']

> Configure project :
Evaluating root project 'Orpheus' using build file '/Users/balch/Source/Orpheus/build.gradle.kts'.
Resolved plugin [id: 'com.android.application', version: '9.0.0', apply: false]
Resolved plugin [id: 'com.android.library', version: '9.0.0', apply: false]
Resolved plugin [id: 'com.android.kotlin.multiplatform.library', version: '9.0.0', apply: false]
Resolved plugin [id: 'com.android.test', version: '9.0.0', apply: false]
Resolved plugin [id: 'org.jetbrains.compose.hot-reload', version: '1.0.0', apply: false]
Resolved plugin [id: 'org.jetbrains.compose', version: '1.10.0', apply: false]
Resolved plugin [id: 'org.jetbrains.kotlin.plugin.compose', version: '2.3.0', apply: false]
Resolved plugin [id: 'org.jetbrains.kotlin.multiplatform', version: '2.3.0', apply: false]
Resolved plugin [id: 'org.jetbrains.kotlin.android', version: '2.3.0', apply: false]
Resolved plugin [id: 'org.jetbrains.kotlin.plugin.serialization', version: '2.3.0', apply: false]

> Configure project :androidApp
Evaluating project ':androidApp' using build file '/Users/balch/Source/Orpheus/androidApp/build.gradle.kts'.
Resolved plugin [id: 'com.android.application', version: '9.0.0']
Resolved plugin [id: 'org.jetbrains.compose', version: '1.10.0']
Resolved plugin [id: 'org.jetbrains.kotlin.plugin.compose', version: '2.3.0']
Resolved plugin [id: 'com.google.devtools.ksp', version: '2.3.4']
Resolved plugin [id: 'dev.zacsweers.metro', version: '0.10.1']
Build 86af58ce-1efd-42af-ad3b-8fd8bc8fa04c is started
Using default execution profile
Detected Android Gradle Plugin compose compiler configuration
Detected Android Gradle Plugin compose compiler configuration
Detected Android Gradle Plugin compose compiler configuration
Detected Android Gradle Plugin compose compiler configuration
Detected Android Gradle Plugin compose compiler configuration

> Configure project :composeApp
Evaluating project ':composeApp' using build file '/Users/balch/Source/Orpheus/composeApp/build.gradle.kts'.
Resolved plugin [id: 'org.jetbrains.kotlin.multiplatform', version: '2.3.0']
Resolved plugin [id: 'com.android.kotlin.multiplatform.library', version: '9.0.0']
Resolved plugin [id: 'org.jetbrains.compose', version: '1.10.0']
Resolved plugin [id: 'org.jetbrains.kotlin.plugin.compose', version: '2.3.0']
Resolved plugin [id: 'org.jetbrains.compose.hot-reload', version: '1.0.0']
Resolved plugin [id: 'org.jetbrains.kotlin.plugin.serialization', version: '2.3.0']
Resolved plugin [id: 'com.google.devtools.ksp', version: '2.3.4']
Resolved plugin [id: 'dev.zacsweers.metro', version: '0.10.1']
Resolved plugin [id: 'com.codingfeline.buildkonfig', version: '0.17.1']
Using Kotlin Gradle Plugin gradle813 variant
Created androidJvm target
kotlin scripting plugin: created the scripting discovery configuration: kotlinScriptDef
Created compile task: compileAndroidMain
Using default execution profile
Configure multi-module compose resources
Configure compose resources generation
Configure resource accessors generation for androidMain
Configure Res object generation for commonMain
Configure resource accessors generation for commonMain
Configure resource accessors generation for commonTest
Configure expect resource collectors generation for commonMain
Configure actual resource collectors generation for androidMain
Configure compose resources with KotlinMultiplatformAndroidComponentsExtension
Configure resource accessors generation for jvmMain
kotlin scripting plugin: created the scripting discovery configuration: kotlinScriptDef
Configure resource accessors generation for jvmTest
kotlin scripting plugin: created the scripting discovery configuration: testKotlinScriptDef
Configure actual resource collectors generation for jvmMain
Configure main resources for 'jvm' target
Configure test resources for 'jvm' target
Configure resource accessors generation for jvmDev
kotlin scripting plugin: created the scripting discovery configuration: devKotlinScriptDef
Configure dev resources for 'jvm' target
Configure resource accessors generation for wasmJsMain
Configure resource accessors generation for wasmJsTest
Configure actual resource collectors generation for wasmJsMain
Configure main resources for 'wasmJs' target
Configure KMP component publication for 'wasmJs'
Collect resolved main resources for 'wasmJs'
Configure test resources for 'wasmJs' target
[KOTLIN] Storing cached files in /Users/balch/.gradle
[KOTLIN] Storing cached files in /Users/balch/.gradle
[KOTLIN] Storing cached files in /Users/balch/.gradle
[KOTLIN] Storing cached files in /Users/balch/.gradle
[:composeApp] commonizeCInterop task registration disabled. cInteropCommonizationEnabled == false
compileSdkVersion=android-36
Configure androidMain resources for 'android' target
Check that new 'org.jetbrains.kotlin.plugin.compose' was applied
Configure resource accessors generation for webMain
Configure resource accessors generation for webTest
file or directory '/Users/balch/Source/Orpheus/composeApp/src/webMain/kotlin', not found
file or directory '/Users/balch/Source/Orpheus/composeApp/build/generated/compose/resourceGenerator/kotlin/webMainResourceAccessors', not found
file or directory '/Users/balch/Source/Orpheus/composeApp/src/webTest/kotlin', not found
file or directory '/Users/balch/Source/Orpheus/composeApp/build/generated/compose/resourceGenerator/kotlin/webTestResourceAccessors', not found

> Configure project :core
Evaluating project ':core' using build file '/Users/balch/Source/Orpheus/core/build.gradle'.

> Configure project :macrobenchmark
Evaluating project ':macrobenchmark' using build file '/Users/balch/Source/Orpheus/macrobenchmark/build.gradle.kts'.
Resolved plugin [id: 'com.android.test', version: '9.0.0']
Using default execution profile

> Configure project :core:audio
Evaluating project ':core:audio' using build file '/Users/balch/Source/Orpheus/core/audio/build.gradle.kts'.
Resolved plugin [id: 'org.jetbrains.kotlin.multiplatform', version: '2.3.0']
Resolved plugin [id: 'com.android.kotlin.multiplatform.library', version: '9.0.0']
Resolved plugin [id: 'com.google.devtools.ksp', version: '2.3.4']
Resolved plugin [id: 'dev.zacsweers.metro', version: '0.10.1']
Using Kotlin Gradle Plugin gradle813 variant
Created androidJvm target
kotlin scripting plugin: created the scripting discovery configuration: kotlinScriptDef
Created compile task: compileAndroidMain
Using default execution profile
kotlin scripting plugin: created the scripting discovery configuration: kotlinScriptDef
kotlin scripting plugin: created the scripting discovery configuration: testKotlinScriptDef
[KOTLIN] Storing cached files in /Users/balch/.gradle
[:core:audio] commonizeCInterop task registration disabled. cInteropCommonizationEnabled == false
compileSdkVersion=android-36
file or directory '/Users/balch/Source/Orpheus/core/audio/src/webMain/kotlin', not found
file or directory '/Users/balch/Source/Orpheus/core/audio/src/webTest/kotlin', not found

> Configure project :core:plugins
Evaluating project ':core:plugins' using build file '/Users/balch/Source/Orpheus/core/plugins/build.gradle'.

> Configure project :core:plugins:bender
Evaluating project ':core:plugins:bender' using build file '/Users/balch/Source/Orpheus/core/plugins/bender/build.gradle.kts'.
Resolved plugin [id: 'org.jetbrains.kotlin.multiplatform', version: '2.3.0']
Resolved plugin [id: 'com.android.kotlin.multiplatform.library', version: '9.0.0']
Resolved plugin [id: 'com.google.devtools.ksp', version: '2.3.4']
Resolved plugin [id: 'dev.zacsweers.metro', version: '0.10.1']
Using Kotlin Gradle Plugin gradle813 variant
Created androidJvm target
kotlin scripting plugin: created the scripting discovery configuration: kotlinScriptDef
Created compile task: compileAndroidMain
Using default execution profile
kotlin scripting plugin: created the scripting discovery configuration: kotlinScriptDef
kotlin scripting plugin: created the scripting discovery configuration: testKotlinScriptDef
[KOTLIN] Storing cached files in /Users/balch/.gradle
[:core:plugins:bender] commonizeCInterop task registration disabled. cInteropCommonizationEnabled == false
compileSdkVersion=android-36
file or directory '/Users/balch/Source/Orpheus/core/plugins/bender/src/webMain/kotlin', not found
file or directory '/Users/balch/Source/Orpheus/core/plugins/bender/src/webTest/kotlin', not found

> Configure project :core:plugins:delay
Evaluating project ':core:plugins:delay' using build file '/Users/balch/Source/Orpheus/core/plugins/delay/build.gradle.kts'.
Resolved plugin [id: 'org.jetbrains.kotlin.multiplatform', version: '2.3.0']
Resolved plugin [id: 'com.android.kotlin.multiplatform.library', version: '9.0.0']
Resolved plugin [id: 'com.google.devtools.ksp', version: '2.3.4']
Resolved plugin [id: 'dev.zacsweers.metro', version: '0.10.1']
Using Kotlin Gradle Plugin gradle813 variant
Created androidJvm target
kotlin scripting plugin: created the scripting discovery configuration: kotlinScriptDef
Created compile task: compileAndroidMain
Using default execution profile
kotlin scripting plugin: created the scripting discovery configuration: kotlinScriptDef
kotlin scripting plugin: created the scripting discovery configuration: testKotlinScriptDef
[KOTLIN] Storing cached files in /Users/balch/.gradle
[:core:plugins:delay] commonizeCInterop task registration disabled. cInteropCommonizationEnabled == false
compileSdkVersion=android-36
file or directory '/Users/balch/Source/Orpheus/core/plugins/delay/src/webMain/kotlin', not found
file or directory '/Users/balch/Source/Orpheus/core/plugins/delay/src/webTest/kotlin', not found

> Configure project :core:plugins:distortion
Evaluating project ':core:plugins:distortion' using build file '/Users/balch/Source/Orpheus/core/plugins/distortion/build.gradle.kts'.
Resolved plugin [id: 'org.jetbrains.kotlin.multiplatform', version: '2.3.0']
Resolved plugin [id: 'com.android.kotlin.multiplatform.library', version: '9.0.0']
Resolved plugin [id: 'com.google.devtools.ksp', version: '2.3.4']
Resolved plugin [id: 'dev.zacsweers.metro', version: '0.10.1']
Using Kotlin Gradle Plugin gradle813 variant
Created androidJvm target
kotlin scripting plugin: created the scripting discovery configuration: kotlinScriptDef
Created compile task: compileAndroidMain
Using default execution profile
kotlin scripting plugin: created the scripting discovery configuration: kotlinScriptDef
kotlin scripting plugin: created the scripting discovery configuration: testKotlinScriptDef
[KOTLIN] Storing cached files in /Users/balch/.gradle
[:core:plugins:distortion] commonizeCInterop task registration disabled. cInteropCommonizationEnabled == false
compileSdkVersion=android-36
file or directory '/Users/balch/Source/Orpheus/core/plugins/distortion/src/webMain/kotlin', not found
file or directory '/Users/balch/Source/Orpheus/core/plugins/distortion/src/webTest/kotlin', not found

> Configure project :core:plugins:drum
Evaluating project ':core:plugins:drum' using build file '/Users/balch/Source/Orpheus/core/plugins/drum/build.gradle.kts'.
Resolved plugin [id: 'org.jetbrains.kotlin.multiplatform', version: '2.3.0']
Resolved plugin [id: 'com.android.kotlin.multiplatform.library', version: '9.0.0']
Resolved plugin [id: 'com.google.devtools.ksp', version: '2.3.4']
Resolved plugin [id: 'dev.zacsweers.metro', version: '0.10.1']
Using Kotlin Gradle Plugin gradle813 variant
Created androidJvm target
kotlin scripting plugin: created the scripting discovery configuration: kotlinScriptDef
Created compile task: compileAndroidMain
Using default execution profile
kotlin scripting plugin: created the scripting discovery configuration: kotlinScriptDef
kotlin scripting plugin: created the scripting discovery configuration: testKotlinScriptDef
[KOTLIN] Storing cached files in /Users/balch/.gradle
[:core:plugins:drum] commonizeCInterop task registration disabled. cInteropCommonizationEnabled == false
compileSdkVersion=android-36
file or directory '/Users/balch/Source/Orpheus/core/plugins/drum/src/webMain/kotlin', not found
file or directory '/Users/balch/Source/Orpheus/core/plugins/drum/src/webTest/kotlin', not found

> Configure project :core:plugins:duolfo
Evaluating project ':core:plugins:duolfo' using build file '/Users/balch/Source/Orpheus/core/plugins/duolfo/build.gradle.kts'.
Resolved plugin [id: 'org.jetbrains.kotlin.multiplatform', version: '2.3.0']
Resolved plugin [id: 'com.android.kotlin.multiplatform.library', version: '9.0.0']
Resolved plugin [id: 'com.google.devtools.ksp', version: '2.3.4']
Resolved plugin [id: 'dev.zacsweers.metro', version: '0.10.1']
Using Kotlin Gradle Plugin gradle813 variant
Created androidJvm target
kotlin scripting plugin: created the scripting discovery configuration: kotlinScriptDef
Created compile task: compileAndroidMain
Using default execution profile
kotlin scripting plugin: created the scripting discovery configuration: kotlinScriptDef
kotlin scripting plugin: created the scripting discovery configuration: testKotlinScriptDef
[KOTLIN] Storing cached files in /Users/balch/.gradle
[:core:plugins:duolfo] commonizeCInterop task registration disabled. cInteropCommonizationEnabled == false
compileSdkVersion=android-36
file or directory '/Users/balch/Source/Orpheus/core/plugins/duolfo/src/webMain/kotlin', not found
file or directory '/Users/balch/Source/Orpheus/core/plugins/duolfo/src/webTest/kotlin', not found

> Configure project :core:plugins:flux
Evaluating project ':core:plugins:flux' using build file '/Users/balch/Source/Orpheus/core/plugins/flux/build.gradle.kts'.
Resolved plugin [id: 'org.jetbrains.kotlin.multiplatform', version: '2.3.0']
Resolved plugin [id: 'com.android.kotlin.multiplatform.library', version: '9.0.0']
Resolved plugin [id: 'com.google.devtools.ksp', version: '2.3.4']
Resolved plugin [id: 'dev.zacsweers.metro', version: '0.10.1']
Using Kotlin Gradle Plugin gradle813 variant
Created androidJvm target
kotlin scripting plugin: created the scripting discovery configuration: kotlinScriptDef
Created compile task: compileAndroidMain
Using default execution profile
kotlin scripting plugin: created the scripting discovery configuration: kotlinScriptDef
kotlin scripting plugin: created the scripting discovery configuration: testKotlinScriptDef
[KOTLIN] Storing cached files in /Users/balch/.gradle
[:core:plugins:flux] commonizeCInterop task registration disabled. cInteropCommonizationEnabled == false
compileSdkVersion=android-36
file or directory '/Users/balch/Source/Orpheus/core/plugins/flux/src/webMain/kotlin', not found
file or directory '/Users/balch/Source/Orpheus/core/plugins/flux/src/webTest/kotlin', not found

> Configure project :core:plugins:grains
Evaluating project ':core:plugins:grains' using build file '/Users/balch/Source/Orpheus/core/plugins/grains/build.gradle.kts'.
Resolved plugin [id: 'org.jetbrains.kotlin.multiplatform', version: '2.3.0']
Resolved plugin [id: 'com.android.kotlin.multiplatform.library', version: '9.0.0']
Resolved plugin [id: 'com.google.devtools.ksp', version: '2.3.4']
Resolved plugin [id: 'dev.zacsweers.metro', version: '0.10.1']
Using Kotlin Gradle Plugin gradle813 variant
Created androidJvm target
kotlin scripting plugin: created the scripting discovery configuration: kotlinScriptDef
Created compile task: compileAndroidMain
Using default execution profile
kotlin scripting plugin: created the scripting discovery configuration: kotlinScriptDef
kotlin scripting plugin: created the scripting discovery configuration: testKotlinScriptDef
[KOTLIN] Storing cached files in /Users/balch/.gradle
[:core:plugins:grains] commonizeCInterop task registration disabled. cInteropCommonizationEnabled == false
compileSdkVersion=android-36
file or directory '/Users/balch/Source/Orpheus/core/plugins/grains/src/webMain/kotlin', not found
file or directory '/Users/balch/Source/Orpheus/core/plugins/grains/src/webTest/kotlin', not found

> Configure project :core:plugins:looper
Evaluating project ':core:plugins:looper' using build file '/Users/balch/Source/Orpheus/core/plugins/looper/build.gradle.kts'.
Resolved plugin [id: 'org.jetbrains.kotlin.multiplatform', version: '2.3.0']
Resolved plugin [id: 'com.android.kotlin.multiplatform.library', version: '9.0.0']
Resolved plugin [id: 'com.google.devtools.ksp', version: '2.3.4']
Resolved plugin [id: 'dev.zacsweers.metro', version: '0.10.1']
Using Kotlin Gradle Plugin gradle813 variant
Created androidJvm target
kotlin scripting plugin: created the scripting discovery configuration: kotlinScriptDef
Created compile task: compileAndroidMain
Using default execution profile
kotlin scripting plugin: created the scripting discovery configuration: kotlinScriptDef
kotlin scripting plugin: created the scripting discovery configuration: testKotlinScriptDef
[KOTLIN] Storing cached files in /Users/balch/.gradle
[:core:plugins:looper] commonizeCInterop task registration disabled. cInteropCommonizationEnabled == false
compileSdkVersion=android-36
file or directory '/Users/balch/Source/Orpheus/core/plugins/looper/src/webMain/kotlin', not found
file or directory '/Users/balch/Source/Orpheus/core/plugins/looper/src/webTest/kotlin', not found

> Configure project :core:plugins:perstringbender
Evaluating project ':core:plugins:perstringbender' using build file '/Users/balch/Source/Orpheus/core/plugins/perstringbender/build.gradle.kts'.
Resolved plugin [id: 'org.jetbrains.kotlin.multiplatform', version: '2.3.0']
Resolved plugin [id: 'com.android.kotlin.multiplatform.library', version: '9.0.0']
Resolved plugin [id: 'com.google.devtools.ksp', version: '2.3.4']
Resolved plugin [id: 'dev.zacsweers.metro', version: '0.10.1']
Using Kotlin Gradle Plugin gradle813 variant
Created androidJvm target
kotlin scripting plugin: created the scripting discovery configuration: kotlinScriptDef
Created compile task: compileAndroidMain
Using default execution profile
kotlin scripting plugin: created the scripting discovery configuration: kotlinScriptDef
kotlin scripting plugin: created the scripting discovery configuration: testKotlinScriptDef
[KOTLIN] Storing cached files in /Users/balch/.gradle
[:core:plugins:perstringbender] commonizeCInterop task registration disabled. cInteropCommonizationEnabled == false
compileSdkVersion=android-36
file or directory '/Users/balch/Source/Orpheus/core/plugins/perstringbender/src/webMain/kotlin', not found
file or directory '/Users/balch/Source/Orpheus/core/plugins/perstringbender/src/webTest/kotlin', not found

> Configure project :core:plugins:resonator
Evaluating project ':core:plugins:resonator' using build file '/Users/balch/Source/Orpheus/core/plugins/resonator/build.gradle.kts'.
Resolved plugin [id: 'org.jetbrains.kotlin.multiplatform', version: '2.3.0']
Resolved plugin [id: 'com.android.kotlin.multiplatform.library', version: '9.0.0']
Resolved plugin [id: 'com.google.devtools.ksp', version: '2.3.4']
Resolved plugin [id: 'dev.zacsweers.metro', version: '0.10.1']
Using Kotlin Gradle Plugin gradle813 variant
Created androidJvm target
kotlin scripting plugin: created the scripting discovery configuration: kotlinScriptDef
Created compile task: compileAndroidMain
Using default execution profile
kotlin scripting plugin: created the scripting discovery configuration: kotlinScriptDef
kotlin scripting plugin: created the scripting discovery configuration: testKotlinScriptDef
[KOTLIN] Storing cached files in /Users/balch/.gradle
[:core:plugins:resonator] commonizeCInterop task registration disabled. cInteropCommonizationEnabled == false
compileSdkVersion=android-36
file or directory '/Users/balch/Source/Orpheus/core/plugins/resonator/src/webMain/kotlin', not found
file or directory '/Users/balch/Source/Orpheus/core/plugins/resonator/src/webTest/kotlin', not found

> Configure project :core:plugins:stereo
Evaluating project ':core:plugins:stereo' using build file '/Users/balch/Source/Orpheus/core/plugins/stereo/build.gradle.kts'.
Resolved plugin [id: 'org.jetbrains.kotlin.multiplatform', version: '2.3.0']
Resolved plugin [id: 'com.android.kotlin.multiplatform.library', version: '9.0.0']
Resolved plugin [id: 'com.google.devtools.ksp', version: '2.3.4']
Resolved plugin [id: 'dev.zacsweers.metro', version: '0.10.1']
Using Kotlin Gradle Plugin gradle813 variant
Created androidJvm target
kotlin scripting plugin: created the scripting discovery configuration: kotlinScriptDef
Created compile task: compileAndroidMain
Using default execution profile
kotlin scripting plugin: created the scripting discovery configuration: kotlinScriptDef
kotlin scripting plugin: created the scripting discovery configuration: testKotlinScriptDef
[KOTLIN] Storing cached files in /Users/balch/.gradle
[:core:plugins:stereo] commonizeCInterop task registration disabled. cInteropCommonizationEnabled == false
compileSdkVersion=android-36
file or directory '/Users/balch/Source/Orpheus/core/plugins/stereo/src/webMain/kotlin', not found
file or directory '/Users/balch/Source/Orpheus/core/plugins/stereo/src/webTest/kotlin', not found

> Configure project :core:plugins:vibrato
Evaluating project ':core:plugins:vibrato' using build file '/Users/balch/Source/Orpheus/core/plugins/vibrato/build.gradle.kts'.
Resolved plugin [id: 'org.jetbrains.kotlin.multiplatform', version: '2.3.0']
Resolved plugin [id: 'com.android.kotlin.multiplatform.library', version: '9.0.0']
Resolved plugin [id: 'com.google.devtools.ksp', version: '2.3.4']
Resolved plugin [id: 'dev.zacsweers.metro', version: '0.10.1']
Using Kotlin Gradle Plugin gradle813 variant
Created androidJvm target
kotlin scripting plugin: created the scripting discovery configuration: kotlinScriptDef
Created compile task: compileAndroidMain
Using default execution profile
kotlin scripting plugin: created the scripting discovery configuration: kotlinScriptDef
kotlin scripting plugin: created the scripting discovery configuration: testKotlinScriptDef
[KOTLIN] Storing cached files in /Users/balch/.gradle
[:core:plugins:vibrato] commonizeCInterop task registration disabled. cInteropCommonizationEnabled == false
compileSdkVersion=android-36
file or directory '/Users/balch/Source/Orpheus/core/plugins/vibrato/src/webMain/kotlin', not found
file or directory '/Users/balch/Source/Orpheus/core/plugins/vibrato/src/webTest/kotlin', not found

> Configure project :core:plugins:warps
Evaluating project ':core:plugins:warps' using build file '/Users/balch/Source/Orpheus/core/plugins/warps/build.gradle.kts'.
Resolved plugin [id: 'org.jetbrains.kotlin.multiplatform', version: '2.3.0']
Resolved plugin [id: 'com.android.kotlin.multiplatform.library', version: '9.0.0']
Resolved plugin [id: 'com.google.devtools.ksp', version: '2.3.4']
Resolved plugin [id: 'dev.zacsweers.metro', version: '0.10.1']
Using Kotlin Gradle Plugin gradle813 variant
Created androidJvm target
kotlin scripting plugin: created the scripting discovery configuration: kotlinScriptDef
Created compile task: compileAndroidMain
Using default execution profile
kotlin scripting plugin: created the scripting discovery configuration: kotlinScriptDef
kotlin scripting plugin: created the scripting discovery configuration: testKotlinScriptDef
[KOTLIN] Storing cached files in /Users/balch/.gradle
[:core:plugins:warps] commonizeCInterop task registration disabled. cInteropCommonizationEnabled == false
compileSdkVersion=android-36
file or directory '/Users/balch/Source/Orpheus/core/plugins/warps/src/webMain/kotlin', not found
file or directory '/Users/balch/Source/Orpheus/core/plugins/warps/src/webTest/kotlin', not found
All projects evaluated.
Task path ':core:plugins:drum:compileKotlinJvm' matched project ':core:plugins:drum'
Task name matched 'compileKotlinJvm'
Selected primary task 'compileKotlinJvm' from project :core:plugins:drum
Tasks to be executed: [task ':core:audio:kmpPartiallyResolvedDependenciesChecker', task ':core:audio:checkKotlinGradlePluginConfigurationErrors', task ':core:audio:kspKotlinJvm', task ':core:audio:compileKotlinJvm', task ':core:audio:compileJvmMainJava', task ':core:audio:jvmProcessResources', task ':core:audio:processJvmMainResources', task ':core:audio:jvmMainClasses', task ':core:audio:jvmJar', task ':core:plugins:drum:kmpPartiallyResolvedDependenciesChecker', task ':core:plugins:drum:checkKotlinGradlePluginConfigurationErrors', task ':core:plugins:drum:kspKotlinJvm', task ':core:plugins:drum:compileKotlinJvm']
Tasks that were excluded: []
Using local directory build cache for the root build (location = /Users/balch/.gradle/caches/build-cache-1, remove unused entries = after 7 days).
Ignoring listeners of task graph ready event, as this build (:) has already executed work.
Resolve mutations for :core:audio:kmpPartiallyResolvedDependenciesChecker (Thread[#11175,Execution worker,5,main]) started.
Resolve mutations for :core:audio:kspKotlinJvm (Thread[#11176,Execution worker Thread 2,5,main]) started.
Resolve mutations for :core:plugins:drum:kmpPartiallyResolvedDependenciesChecker (Thread[#11177,Execution worker Thread 3,5,main]) started.
:core:audio:kmpPartiallyResolvedDependenciesChecker (Thread[#11175,Execution worker,5,main]) started.
:core:plugins:drum:kmpPartiallyResolvedDependenciesChecker (Thread[#11177,Execution worker Thread 3,5,main]) started.
:core:audio:kspKotlinJvm (Thread[#11176,Execution worker Thread 2,5,main]) started.

> Task :core:audio:kspKotlinJvm SKIPPED
Skipping task ':core:audio:kspKotlinJvm' as task onlyIf 'Task satisfies onlyIf spec' is false.
Resolve mutations for :core:audio:jvmProcessResources (Thread[#11176,Execution worker Thread 2,5,main]) started.

> Task :core:plugins:drum:kmpPartiallyResolvedDependenciesChecker
Caching disabled for task ':core:plugins:drum:kmpPartiallyResolvedDependenciesChecker' because:
  This task is not intended for execution
Task ':core:plugins:drum:kmpPartiallyResolvedDependenciesChecker' is not up-to-date because:
  Task has not declared any outputs despite executing actions.
Execution stopped by some action with message: null
Resolve mutations for :core:plugins:drum:checkKotlinGradlePluginConfigurationErrors (Thread[#11177,Execution worker Thread 3,5,main]) started.
:core:plugins:drum:checkKotlinGradlePluginConfigurationErrors (Thread[#11177,Execution worker Thread 3,5,main]) started.
:core:audio:jvmProcessResources (Thread[#11185,Execution worker Thread 10,5,main]) started.

> Task :core:audio:kmpPartiallyResolvedDependenciesChecker
Caching disabled for task ':core:audio:kmpPartiallyResolvedDependenciesChecker' because:
  This task is not intended for execution
Task ':core:audio:kmpPartiallyResolvedDependenciesChecker' is not up-to-date because:
  Task has not declared any outputs despite executing actions.
Execution stopped by some action with message: null
Resolve mutations for :core:audio:checkKotlinGradlePluginConfigurationErrors (Thread[#11180,Execution worker Thread 6,5,main]) started.

> Task :core:plugins:drum:checkKotlinGradlePluginConfigurationErrors SKIPPED
Skipping task ':core:plugins:drum:checkKotlinGradlePluginConfigurationErrors' as task onlyIf 'errorDiagnostics are present' is false.
:core:audio:checkKotlinGradlePluginConfigurationErrors (Thread[#11183,Execution worker Thread 9,5,main]) started.

> Task :core:audio:checkKotlinGradlePluginConfigurationErrors SKIPPED
Skipping task ':core:audio:checkKotlinGradlePluginConfigurationErrors' as task onlyIf 'errorDiagnostics are present' is false.
Resolve mutations for :core:audio:compileKotlinJvm (Thread[#11183,Execution worker Thread 9,5,main]) started.

> Task :core:audio:jvmProcessResources NO-SOURCE
Skipping task ':core:audio:jvmProcessResources' as it has no source files and no previous output files.
Resolve mutations for :core:audio:processJvmMainResources (Thread[#11186,Execution worker Thread 11,5,main]) started.
:core:audio:processJvmMainResources (Thread[#11186,Execution worker Thread 11,5,main]) started.
:core:audio:compileKotlinJvm (Thread[#11183,Execution worker Thread 9,5,main]) started.

> Task :core:audio:processJvmMainResources SKIPPED
Skipping task ':core:audio:processJvmMainResources' as task onlyIf 'Task is enabled' is false.

> Task :core:audio:compileKotlinJvm UP-TO-DATE
Build cache key for task ':core:audio:compileKotlinJvm' is 6d4b98e8817af6303115ca6ea03de90e
Skipping task ':core:audio:compileKotlinJvm' as it is up-to-date.
Resolve mutations for :core:audio:compileJvmMainJava (Thread[#11183,Execution worker Thread 9,5,main]) started.
:core:audio:compileJvmMainJava (Thread[#11183,Execution worker Thread 9,5,main]) started.

> Task :core:audio:compileJvmMainJava NO-SOURCE
Skipping task ':core:audio:compileJvmMainJava' as it has no source files and no previous output files.
Resolve mutations for :core:audio:jvmMainClasses (Thread[#11183,Execution worker Thread 9,5,main]) started.
:core:audio:jvmMainClasses (Thread[#11183,Execution worker Thread 9,5,main]) started.

> Task :core:audio:jvmMainClasses UP-TO-DATE
Skipping task ':core:audio:jvmMainClasses' as it has no actions.
Resolve mutations for :core:audio:jvmJar (Thread[#11183,Execution worker Thread 9,5,main]) started.
:core:audio:jvmJar (Thread[#11183,Execution worker Thread 9,5,main]) started.

> Task :core:audio:jvmJar UP-TO-DATE
Caching disabled for task ':core:audio:jvmJar' because:
  Not worth caching
Skipping task ':core:audio:jvmJar' as it is up-to-date.
work action resolve audio-jvm.jar (project :core:audio) (Thread[#11183,Execution worker Thread 9,5,main]) started.
Resolve mutations for :core:plugins:drum:kspKotlinJvm (Thread[#11183,Execution worker Thread 9,5,main]) started.
:core:plugins:drum:kspKotlinJvm (Thread[#11183,Execution worker Thread 9,5,main]) started.

> Task :core:plugins:drum:kspKotlinJvm SKIPPED
Skipping task ':core:plugins:drum:kspKotlinJvm' as task onlyIf 'Task satisfies onlyIf spec' is false.
Resolve mutations for :core:plugins:drum:compileKotlinJvm (Thread[#11183,Execution worker Thread 9,5,main]) started.
:core:plugins:drum:compileKotlinJvm (Thread[#11183,Execution worker Thread 9,5,main]) started.

> Task :core:plugins:drum:compileKotlinJvm FAILED
Build cache key for task ':core:plugins:drum:compileKotlinJvm' is bcbf9346884036adc3d16bf3d34f23bf
Task ':core:plugins:drum:compileKotlinJvm' is not up-to-date because:
  Task has failed previously.
The input changes require a full rebuild for incremental task ':core:plugins:drum:compileKotlinJvm'.
file or directory '/Users/balch/Source/Orpheus/core/plugins/drum/src/jvmMain/java', not found
file or directory '/Users/balch/Source/Orpheus/core/plugins/drum/build/generated/ksp/jvm/jvmMain/kotlin', not found
file or directory '/Users/balch/Source/Orpheus/core/plugins/drum/build/generated/ksp/jvm/jvmMain/java', not found
file or directory '/Users/balch/Source/Orpheus/core/plugins/drum/src/jvmMain/java', not found
file or directory '/Users/balch/Source/Orpheus/core/plugins/drum/build/generated/ksp/jvm/jvmMain/kotlin', not found
file or directory '/Users/balch/Source/Orpheus/core/plugins/drum/build/generated/ksp/jvm/jvmMain/java', not found
file or directory '/Users/balch/Source/Orpheus/core/plugins/drum/src/jvmMain/java', not found
file or directory '/Users/balch/Source/Orpheus/core/plugins/drum/build/generated/ksp/jvm/jvmMain/kotlin', not found
file or directory '/Users/balch/Source/Orpheus/core/plugins/drum/build/generated/ksp/jvm/jvmMain/java', not found
file or directory '/Users/balch/Source/Orpheus/core/plugins/drum/src/jvmMain/java', not found
file or directory '/Users/balch/Source/Orpheus/core/plugins/drum/build/generated/ksp/jvm/jvmMain/kotlin', not found
file or directory '/Users/balch/Source/Orpheus/core/plugins/drum/build/generated/ksp/jvm/jvmMain/java', not found
file or directory '/Users/balch/Source/Orpheus/core/plugins/drum/src/jvmMain/java', not found
file or directory '/Users/balch/Source/Orpheus/core/plugins/drum/build/generated/ksp/jvm/jvmMain/kotlin', not found
file or directory '/Users/balch/Source/Orpheus/core/plugins/drum/build/generated/ksp/jvm/jvmMain/java', not found
Kotlin source files: /Users/balch/Source/Orpheus/core/plugins/drum/src/jvmMain/kotlin/org/balch/orpheus/plugins/drum/JsynDrumUnit.kt, /Users/balch/Source/Orpheus/core/plugins/drum/src/jvmMain/kotlin/org/balch/orpheus/plugins/drum/JsynDrumUnitFactory.kt, /Users/balch/Source/Orpheus/core/plugins/drum/src/commonMain/kotlin/org/balch/orpheus/plugins/drum/DrumPlugin.kt, /Users/balch/Source/Orpheus/core/plugins/drum/src/commonMain/kotlin/org/balch/orpheus/plugins/drum/engine/FmDrum.kt, /Users/balch/Source/Orpheus/core/plugins/drum/src/commonMain/kotlin/org/balch/orpheus/plugins/drum/engine/AnalogBassDrum.kt, /Users/balch/Source/Orpheus/core/plugins/drum/src/commonMain/kotlin/org/balch/orpheus/plugins/drum/engine/MetallicHiHat.kt, /Users/balch/Source/Orpheus/core/plugins/drum/src/commonMain/kotlin/org/balch/orpheus/plugins/drum/engine/FmDrumTables.kt, /Users/balch/Source/Orpheus/core/plugins/drum/src/commonMain/kotlin/org/balch/orpheus/plugins/drum/engine/DrumBeatsGenerator.kt, /Users/balch/Source/Orpheus/core/plugins/drum/src/commonMain/kotlin/org/balch/orpheus/plugins/drum/engine/GridsPatternData.kt, /Users/balch/Source/Orpheus/core/plugins/drum/src/commonMain/kotlin/org/balch/orpheus/plugins/drum/engine/AnalogSnareDrum.kt
Java source files: 
Script source files: 
Script file extensions: 
file or directory '/Users/balch/Source/Orpheus/core/plugins/drum/src/jvmMain/java', not found
file or directory '/Users/balch/Source/Orpheus/core/plugins/drum/build/generated/ksp/jvm/jvmMain/kotlin', not found
file or directory '/Users/balch/Source/Orpheus/core/plugins/drum/build/generated/ksp/jvm/jvmMain/java', not found
Using Kotlin/JVM incremental compilation
[KOTLIN] Kotlin compilation 'jdkHome' argument: /opt/homebrew/Cellar/openjdk@21/21.0.7/libexec/openjdk.jdk/Contents/Home
Options for KOTLIN DAEMON: IncrementalCompilationOptions(super=CompilationOptions(compilerMode=INCREMENTAL_COMPILER, targetPlatform=JVM, reportCategories=[0, 3], reportSeverity=2, requestedCompilationResults=[0], kotlinScriptExtensions=[]), sourceChanges=org.jetbrains.kotlin.buildtools.api.SourcesChanges$Unknown@12c3acae, classpathChanges=NotAvailableForNonIncrementalRun, workingDir=/Users/balch/Source/Orpheus/core/plugins/drum/build/kotlin/compileKotlinJvm/cacheable, multiModuleICSettings=MultiModuleICSettings(buildHistoryFile=/Users/balch/Source/Orpheus/core/plugins/drum/build/kotlin/compileKotlinJvm/local-state/build-history.bin, useModuleDetection=false), icFeatures=IncrementalCompilationFeatures(usePreciseJavaTracking=true, withAbiSnapshot=false, preciseCompilationResultsBackup=true, keepIncrementalCompilationCachesInMemory=true, enableUnsafeIncrementalCompilationForMultiplatform=false, enableMonotonousIncrementalCompileSetExpansion=true), outputFiles=[/Users/balch/Source/Orpheus/core/plugins/drum/build/classes/kotlin/jvm/main, /Users/balch/Source/Orpheus/core/plugins/drum/build/kotlin/compileKotlinJvm/cacheable, /Users/balch/Source/Orpheus/core/plugins/drum/build/kotlin/compileKotlinJvm/local-state])
e: file:///Users/balch/Source/Orpheus/core/plugins/drum/src/commonMain/kotlin/org/balch/orpheus/plugins/drum/engine/AnalogBassDrum.kt:10:29 Unresolved reference 'SynthDsp'.
e: file:///Users/balch/Source/Orpheus/core/plugins/drum/src/commonMain/kotlin/org/balch/orpheus/plugins/drum/engine/AnalogBassDrum.kt:21:30 Unresolved reference 'SynthDsp'.
e: file:///Users/balch/Source/Orpheus/core/plugins/drum/src/commonMain/kotlin/org/balch/orpheus/plugins/drum/engine/AnalogBassDrum.kt:76:27 Unresolved reference 'SynthDsp'.
e: file:///Users/balch/Source/Orpheus/core/plugins/drum/src/commonMain/kotlin/org/balch/orpheus/plugins/drum/engine/AnalogBassDrum.kt:77:37 Unresolved reference 'SynthDsp'.
e: file:///Users/balch/Source/Orpheus/core/plugins/drum/src/commonMain/kotlin/org/balch/orpheus/plugins/drum/engine/AnalogSnareDrum.kt:14:30 Cannot infer type for type parameter 'T'. Specify it explicitly.
e: file:///Users/balch/Source/Orpheus/core/plugins/drum/src/commonMain/kotlin/org/balch/orpheus/plugins/drum/engine/AnalogSnareDrum.kt:14:49 Unresolved reference 'SynthDsp'.
e: file:///Users/balch/Source/Orpheus/core/plugins/drum/src/commonMain/kotlin/org/balch/orpheus/plugins/drum/engine/AnalogSnareDrum.kt:15:31 Unresolved reference 'SynthDsp'.
e: file:///Users/balch/Source/Orpheus/core/plugins/drum/src/commonMain/kotlin/org/balch/orpheus/plugins/drum/engine/AnalogSnareDrum.kt:23:30 Unresolved reference 'SynthDsp'.
e: file:///Users/balch/Source/Orpheus/core/plugins/drum/src/commonMain/kotlin/org/balch/orpheus/plugins/drum/engine/AnalogSnareDrum.kt:26:20 Cannot infer type for type parameter 'T'. Specify it explicitly.
e: file:///Users/balch/Source/Orpheus/core/plugins/drum/src/commonMain/kotlin/org/balch/orpheus/plugins/drum/engine/AnalogSnareDrum.kt:26:28 Cannot infer type for type parameter 'T'. Specify it explicitly.
e: file:///Users/balch/Source/Orpheus/core/plugins/drum/src/commonMain/kotlin/org/balch/orpheus/plugins/drum/engine/AnalogSnareDrum.kt:26:33 Unresolved reference 'init'.
e: file:///Users/balch/Source/Orpheus/core/plugins/drum/src/commonMain/kotlin/org/balch/orpheus/plugins/drum/engine/AnalogSnareDrum.kt:37:20 Cannot infer type for type parameter 'T'. Specify it explicitly.
e: file:///Users/balch/Source/Orpheus/core/plugins/drum/src/commonMain/kotlin/org/balch/orpheus/plugins/drum/engine/AnalogSnareDrum.kt:37:28 Cannot infer type for type parameter 'T'. Specify it explicitly.
e: file:///Users/balch/Source/Orpheus/core/plugins/drum/src/commonMain/kotlin/org/balch/orpheus/plugins/drum/engine/AnalogSnareDrum.kt:37:33 Unresolved reference 'reset'.
e: file:///Users/balch/Source/Orpheus/core/plugins/drum/src/commonMain/kotlin/org/balch/orpheus/plugins/drum/engine/AnalogSnareDrum.kt:61:27 Unresolved reference 'SynthDsp'.
e: file:///Users/balch/Source/Orpheus/core/plugins/drum/src/commonMain/kotlin/org/balch/orpheus/plugins/drum/engine/AnalogSnareDrum.kt:63:51 Unresolved reference 'SynthDsp'.
e: file:///Users/balch/Source/Orpheus/core/plugins/drum/src/commonMain/kotlin/org/balch/orpheus/plugins/drum/engine/AnalogSnareDrum.kt:97:27 Unresolved reference 'setFq'.
e: file:///Users/balch/Source/Orpheus/core/plugins/drum/src/commonMain/kotlin/org/balch/orpheus/plugins/drum/engine/AnalogSnareDrum.kt:105:48 Unresolved reference 'processBp'.
e: file:///Users/balch/Source/Orpheus/core/plugins/drum/src/commonMain/kotlin/org/balch/orpheus/plugins/drum/engine/MetallicHiHat.kt:10:36 Unresolved reference 'SynthDsp'.
e: file:///Users/balch/Source/Orpheus/core/plugins/drum/src/commonMain/kotlin/org/balch/orpheus/plugins/drum/engine/MetallicHiHat.kt:11:23 Unresolved reference 'SynthDsp'.
e: file:///Users/balch/Source/Orpheus/core/plugins/drum/src/commonMain/kotlin/org/balch/orpheus/plugins/drum/engine/MetallicHiHat.kt:17:30 Unresolved reference 'SynthDsp'.
e: file:///Users/balch/Source/Orpheus/core/plugins/drum/src/commonMain/kotlin/org/balch/orpheus/plugins/drum/engine/MetallicHiHat.kt:55:45 Unresolved reference 'SynthDsp'.
e: file:///Users/balch/Source/Orpheus/core/plugins/drum/src/commonMain/kotlin/org/balch/orpheus/plugins/drum/engine/MetallicHiHat.kt:56:41 Unresolved reference 'SynthDsp'.
e: file:///Users/balch/Source/Orpheus/core/plugins/drum/src/commonMain/kotlin/org/balch/orpheus/plugins/drum/engine/MetallicHiHat.kt:73:45 Unresolved reference 'SynthDsp'.
e: file:///Users/balch/Source/Orpheus/core/plugins/drum/src/jvmMain/kotlin/org/balch/orpheus/plugins/drum/JsynDrumUnit.kt:23:39 Unresolved reference 'DrumUnit'.
e: file:///Users/balch/Source/Orpheus/core/plugins/drum/src/jvmMain/kotlin/org/balch/orpheus/plugins/drum/JsynDrumUnit.kt:37:26 Unresolved reference 'AudioOutput'.
e: file:///Users/balch/Source/Orpheus/core/plugins/drum/src/jvmMain/kotlin/org/balch/orpheus/plugins/drum/JsynDrumUnit.kt:37:40 Unresolved reference 'JsynAudioOutput'.
e: file:///Users/balch/Source/Orpheus/core/plugins/drum/src/jvmMain/kotlin/org/balch/orpheus/plugins/drum/JsynDrumUnit.kt:40:34 Unresolved reference 'AudioInput'.
e: file:///Users/balch/Source/Orpheus/core/plugins/drum/src/jvmMain/kotlin/org/balch/orpheus/plugins/drum/JsynDrumUnit.kt:40:47 Unresolved reference 'JsynAudioInput'.
e: file:///Users/balch/Source/Orpheus/core/plugins/drum/src/jvmMain/kotlin/org/balch/orpheus/plugins/drum/JsynDrumUnit.kt:41:34 Unresolved reference 'AudioInput'.
e: file:///Users/balch/Source/Orpheus/core/plugins/drum/src/jvmMain/kotlin/org/balch/orpheus/plugins/drum/JsynDrumUnit.kt:41:47 Unresolved reference 'JsynAudioInput'.
e: file:///Users/balch/Source/Orpheus/core/plugins/drum/src/jvmMain/kotlin/org/balch/orpheus/plugins/drum/JsynDrumUnit.kt:42:34 Unresolved reference 'AudioInput'.
e: file:///Users/balch/Source/Orpheus/core/plugins/drum/src/jvmMain/kotlin/org/balch/orpheus/plugins/drum/JsynDrumUnit.kt:42:47 Unresolved reference 'JsynAudioInput'.
e: file:///Users/balch/Source/Orpheus/core/plugins/drum/src/jvmMain/kotlin/org/balch/orpheus/plugins/drum/JsynDrumUnitFactory.kt:12:39 Return type mismatch: expected 'DrumUnit', actual 'JsynDrumUnit'.
Finished executing kotlin compiler using DAEMON strategy
Build 86af58ce-1efd-42af-ad3b-8fd8bc8fa04c is closed

See the complete report at file:///Users/balch/Source/Orpheus/build/reports/configuration-cache/3abanfycsse4rb26vmh9ds5ai/3yp6p91hk1mhp5pvu5t8x8z7d/configuration-cache-report.html

[Incubating] Problems report is available at: file:///Users/balch/Source/Orpheus/build/reports/problems/problems-report.html

FAILURE: Build failed with an exception.

* What went wrong:
Execution failed for task ':core:plugins:drum:compileKotlinJvm'.
> A failure occurred while executing org.jetbrains.kotlin.compilerRunner.GradleCompilerRunnerWithWorkers$GradleKotlinCompilerWorkAction
   > Compilation error. See log for more details

* Try:
> Run with --stacktrace option to get the stack trace.
> Run with --debug option to get more log output.
> Run with --scan to get full insights from a Build Scan (powered by Develocity).
> Get more help at https://help.gradle.org.

Deprecated Gradle features were used in this build, making it incompatible with Gradle 10.

You can use '--warning-mode all' to show the individual deprecation warnings and determine if they come from your own scripts or plugins.

For more on this, please refer to https://docs.gradle.org/9.3.0/userguide/command_line_interface.html#sec:command_line_warnings in the Gradle documentation.

BUILD FAILED in 1s
5 actionable tasks: 3 executed, 2 up-to-date
Watched directory hierarchies: [/Users/balch/Source/Orpheus]
Configuration cache entry stored.
